========== Message Begins ==========

Time : May 6, 2013, 1:41 am
Message Type : loginURL
Message : The URL is : http://localhost/orangehrm-3.0.1/symfony/web/index.php/auth/login

========== Message Ends ==========

========== Message Begins ==========

Time : May 6, 2013, 1:41 am
Message Type : loginURL
Message : The URL is : http://localhost/orangehrm-3.0.1/symfony/web/index.php/auth/validateCredentials

========== Message Ends ==========

========== Message Begins ==========

Time : May 6, 2013, 1:42 am
Message Type : loginURL
Message : The URL is : http://localhost/orangehrm-3.0.1/symfony/web/index.php/auth/validateCredentials

========== Message Ends ==========

========== Message Begins ==========

Time : May 6, 2013, 1:43 am
Message Type : loginURL
Message : The URL is : http://localhost/orangehrm-3.0.1/symfony/web/index.php/auth/validateCredentials

========== Message Ends ==========

========== Message Begins ==========

Time : May 6, 2013, 1:44 am
Message Type : loginURL
Message : The URL is : http://localhost/orangehrm-3.0.1/symfony/web/index.php/auth/login

========== Message Ends ==========

========== Message Begins ==========

Time : May 6, 2013, 1:44 am
Message Type : loginURL
Message : The URL is : http://localhost/orangehrm-3.0.1/symfony/web/index.php/auth/validateCredentials

========== Message Ends ==========

========== Message Begins ==========

Time : May 6, 2013, 1:46 am
Message Type : loginURL
Message : The URL is : http://localhost/orangehrm-3.0.1/symfony/web/index.php/auth/validateCredentials

========== Message Ends ==========

========== Message Begins ==========

Time : May 6, 2013, 1:47 am
Message Type : loginURL
Message : The URL is : http://localhost/orangehrm-3.0.1/symfony/web/index.php/auth/login

========== Message Ends ==========

========== Message Begins ==========

Time : May 6, 2013, 1:47 am
Message Type : loginURL
Message : The URL is : http://localhost/orangehrm-3.0.1/symfony/web/index.php/auth/validateCredentials

========== Message Ends ==========

========== Message Begins ==========

Time : May 6, 2013, 1:47 am
Message Type : loginURL
Message : The URL is : http://localhost/orangehrm-3.0.1/symfony/web/index.php/auth/validateCredentials

========== Message Ends ==========

========== Message Begins ==========

Time : May 6, 2013, 1:55 am
Message Type : loginURL
Message : The URL is : http://localhost/orangehrm-3.0.1/symfony/web/index.php/recruitmentApply/jobs.html

========== Message Ends ==========

========== Message Begins ==========

Time : May 6, 2013, 1:56 am
Message Type : loginURL
Message : The URL is : http://localhost/orangehrm-3.0.1/symfony/web/index.php/auth/login

========== Message Ends ==========

========== Message Begins ==========

Time : May 6, 2013, 1:58 am
Message Type : loginURL
Message : The URL is : http://localhost/orangehrm-3.0.1/symfony/web/index.php/recruitmentApply/jobs.html

========== Message Ends ==========

========== Message Begins ==========

Time : May 6, 2013, 2:00 am
Message Type : loginURL
Message : The URL is : http://localhost/orangehrm-3.0.1/symfony/web/index.php/auth/login

========== Message Ends ==========

