========== Message Begins ==========

Time : May 3, 2013, 12:52 pm
Message Type : Success
Message : Candidate registration email was sent to  

========== Message Ends ==========

========== Message Begins ==========

Time : May 3, 2013, 12:52 pm
Message Type : Success
Message : Candidate registration email was sent to 

========== Message Ends ==========

========== Message Begins ==========

Time : May 3, 2013, 1:48 pm
Message Type : Success
Message : Candidate registration email was sent to  

========== Message Ends ==========

========== Message Begins ==========

Time : May 3, 2013, 1:48 pm
Message Type : Success
Message : Candidate registration email was sent to sunil.enadle@gmail.com 

========== Message Ends ==========

========== Message Begins ==========

Time : May 3, 2013, 1:48 pm
Message Type : Success
Message : Candidate registration email was sent to sunil@synerzip.com

========== Message Ends ==========

========== Message Begins ==========

Time : May 6, 2013, 2:00 am
Message Type : Success
Message : Candidate registration email was sent to  

========== Message Ends ==========

========== Message Begins ==========

Time : May 6, 2013, 2:00 am
Message Type : Success
Message : Candidate registration email was sent to sunil.enadle@gmail.com 

========== Message Ends ==========

========== Message Begins ==========

Time : May 6, 2013, 2:01 am
Message Type : Success
Message : Candidate registration email was sent to sunil@synerzip.com

========== Message Ends ==========

